[DEBUG] 2023-12-18 17:39:42,278 (irsim.py 620): Parsed arguments: {'irpath': './test/1.ir0', 'inputs': '', 'logpath': 'irsim.log'}
[INFO] 2023-12-18 17:39:42,280 (irsim.py 567): File loaded successfully
[INFO] 2023-12-18 17:39:44,446 (irsim.py 567): KeyboardInterrupt raised, quit program
[DEBUG] 2023-12-18 17:39:50,501 (irsim.py 620): Parsed arguments: {'irpath': './test/1.ir0', 'inputs': '5', 'logpath': 'irsim.log'}
[INFO] 2023-12-18 17:39:50,503 (irsim.py 567): File loaded successfully
[INFO] 2023-12-18 17:39:57,835 (irsim.py 567): Program has exited gracefully
[INFO] 2023-12-18 17:39:57,835 (irsim.py 567): Total instructions = 2403
[WARNING] 2023-12-18 17:39:57,836 (irsim.py 574): Program Counter goes out of bound. The running program will be terminated instantly
[INFO] 2023-12-18 17:42:10,559 (irsim.py 567): KeyboardInterrupt raised, quit program
[DEBUG] 2023-12-18 17:43:31,859 (irsim.py 620): Parsed arguments: {'irpath': './test/2.ir0', 'inputs': '5', 'logpath': 'irsim.log'}
[INFO] 2023-12-18 17:43:31,860 (irsim.py 567): File loaded successfully
[INFO] 2023-12-18 17:43:36,518 (irsim.py 567): Program has exited gracefully
[INFO] 2023-12-18 17:43:36,518 (irsim.py 567): Total instructions = 79
[INFO] 2023-12-18 17:43:48,023 (irsim.py 567): KeyboardInterrupt raised, quit program
[DEBUG] 2023-12-18 17:44:19,646 (irsim.py 620): Parsed arguments: {'irpath': './test/3.ir0', 'inputs': '5,5', 'logpath': 'irsim.log'}
[INFO] 2023-12-18 17:44:19,646 (irsim.py 567): File loaded successfully
[INFO] 2023-12-18 17:44:22,701 (irsim.py 567): Program has exited gracefully
[INFO] 2023-12-18 17:44:22,701 (irsim.py 567): Total instructions = 6
[INFO] 2023-12-18 17:44:45,075 (irsim.py 567): KeyboardInterrupt raised, quit program
[DEBUG] 2023-12-18 17:47:03,387 (irsim.py 620): Parsed arguments: {'irpath': './test/2.ir0', 'inputs': '5', 'logpath': 'irsim.log'}
[INFO] 2023-12-18 17:47:03,388 (irsim.py 567): File loaded successfully
[INFO] 2023-12-18 17:47:04,796 (irsim.py 567): Program has exited gracefully
[INFO] 2023-12-18 17:47:04,796 (irsim.py 567): Total instructions = 80
[DEBUG] 2023-12-18 17:47:51,308 (irsim.py 620): Parsed arguments: {'irpath': './test/2.ir0', 'inputs': '5', 'logpath': 'irsim.log'}
[INFO] 2023-12-18 17:47:51,309 (irsim.py 567): File loaded successfully
[INFO] 2023-12-18 17:47:53,045 (irsim.py 567): Program has exited gracefully
[INFO] 2023-12-18 17:47:53,045 (irsim.py 567): Total instructions = 91
[INFO] 2023-12-18 17:49:24,582 (irsim.py 567): KeyboardInterrupt raised, quit program
[DEBUG] 2023-12-18 17:49:25,508 (irsim.py 620): Parsed arguments: {'irpath': './test/2.ir0', 'inputs': '5', 'logpath': 'irsim.log'}
[INFO] 2023-12-18 17:49:25,509 (irsim.py 567): File loaded successfully
[DEBUG] 2023-12-18 00:52:48,871 (irsim.py 620): Parsed arguments: {'irpath': './test/2.ir0', 'inputs': '', 'logpath': 'irsim.log'}
[INFO] 2023-12-18 00:52:48,872 (irsim.py 567): File loaded successfully
[INFO] 2023-12-18 00:52:51,115 (irsim.py 567): KeyboardInterrupt raised, quit program
[DEBUG] 2023-12-18 00:52:57,809 (irsim.py 620): Parsed arguments: {'irpath': './test/2.ir0', 'inputs': '', 'logpath': 'irsim.log'}
[INFO] 2023-12-18 00:52:57,810 (irsim.py 567): File loaded successfully
[ERROR] 2023-12-18 00:53:00,578 (irsim.py 581): An error occurred at line 37: Illegal memory access
[INFO] 2023-12-18 00:53:01,634 (irsim.py 567): KeyboardInterrupt raised, quit program
[DEBUG] 2023-12-18 00:53:18,871 (irsim.py 620): Parsed arguments: {'irpath': './test/2.ir0', 'inputs': '5', 'logpath': 'irsim.log'}
[INFO] 2023-12-18 00:53:18,872 (irsim.py 567): File loaded successfully
[INFO] 2023-12-18 00:53:20,261 (irsim.py 567): KeyboardInterrupt raised, quit program
[DEBUG] 2023-12-18 00:53:22,104 (irsim.py 620): Parsed arguments: {'irpath': './test/2.ir0', 'inputs': '5', 'logpath': 'irsim.log'}
[INFO] 2023-12-18 00:53:22,105 (irsim.py 567): File loaded successfully
[DEBUG] 2023-12-18 00:54:24,071 (irsim.py 620): Parsed arguments: {'irpath': './test/2.ir0', 'inputs': '', 'logpath': 'irsim.log'}
[INFO] 2023-12-18 00:54:24,072 (irsim.py 567): File loaded successfully
[INFO] 2023-12-18 00:54:27,062 (irsim.py 567): KeyboardInterrupt raised, quit program
[DEBUG] 2023-12-18 00:54:29,142 (irsim.py 620): Parsed arguments: {'irpath': './test/3.ir0', 'inputs': '', 'logpath': 'irsim.log'}
[INFO] 2023-12-18 00:54:29,143 (irsim.py 567): File loaded successfully
[INFO] 2023-12-18 00:54:57,510 (irsim.py 567): KeyboardInterrupt raised, quit program
[DEBUG] 2023-12-18 00:55:03,805 (irsim.py 620): Parsed arguments: {'irpath': './test/3.ir0', 'inputs': '', 'logpath': 'irsim.log'}
[INFO] 2023-12-18 00:55:03,805 (irsim.py 567): File loaded successfully
[INFO] 2023-12-18 00:55:09,454 (irsim.py 567): Program has exited gracefully
[INFO] 2023-12-18 00:55:09,454 (irsim.py 567): Total instructions = 9
[INFO] 2023-12-18 00:55:54,950 (irsim.py 567): KeyboardInterrupt raised, quit program
[DEBUG] 2023-12-18 00:55:57,799 (irsim.py 620): Parsed arguments: {'irpath': './test/3.ir0', 'inputs': '', 'logpath': 'irsim.log'}
[INFO] 2023-12-18 00:55:57,800 (irsim.py 567): File loaded successfully
[INFO] 2023-12-18 00:55:58,764 (irsim.py 567): Program has exited gracefully
[INFO] 2023-12-18 00:55:58,764 (irsim.py 567): Total instructions = 13
[INFO] 2023-12-18 00:56:31,605 (irsim.py 567): KeyboardInterrupt raised, quit program
[DEBUG] 2023-12-18 00:56:36,193 (irsim.py 620): Parsed arguments: {'irpath': './test/3.ir0', 'inputs': '', 'logpath': 'irsim.log'}
[INFO] 2023-12-18 00:56:36,194 (irsim.py 567): File loaded successfully
[INFO] 2023-12-18 00:56:37,380 (irsim.py 567): Program has exited gracefully
[INFO] 2023-12-18 00:56:37,380 (irsim.py 567): Total instructions = 13
[INFO] 2023-12-18 00:57:07,344 (irsim.py 567): KeyboardInterrupt raised, quit program
[DEBUG] 2023-12-18 00:57:10,877 (irsim.py 620): Parsed arguments: {'irpath': './test/3.ir0', 'inputs': '', 'logpath': 'irsim.log'}
[INFO] 2023-12-18 00:57:10,878 (irsim.py 567): File loaded successfully
[INFO] 2023-12-18 00:57:12,821 (irsim.py 567): Program has exited gracefully
[INFO] 2023-12-18 00:57:12,822 (irsim.py 567): Total instructions = 16
[INFO] 2023-12-18 00:59:14,274 (irsim.py 567): KeyboardInterrupt raised, quit program
[DEBUG] 2023-12-18 00:59:21,201 (irsim.py 620): Parsed arguments: {'irpath': './test/3.ir0', 'inputs': '', 'logpath': 'irsim.log'}
[INFO] 2023-12-18 00:59:21,202 (irsim.py 567): File loaded successfully
[INFO] 2023-12-18 00:59:24,618 (irsim.py 567): Program has exited gracefully
[INFO] 2023-12-18 00:59:24,619 (irsim.py 567): Total instructions = 18
[INFO] 2023-12-18 01:01:37,215 (irsim.py 567): KeyboardInterrupt raised, quit program
[DEBUG] 2023-12-18 01:01:38,677 (irsim.py 620): Parsed arguments: {'irpath': './test/3.ir0', 'inputs': '', 'logpath': 'irsim.log'}
[ERROR] 2023-12-18 01:01:38,677 (irsim.py 581): Syntax error at line 3:
*t3 = 600
[INFO] 2023-12-18 01:01:38,678 (irsim.py 567): File loaded successfully
[DEBUG] 2023-12-18 01:02:09,532 (irsim.py 620): Parsed arguments: {'irpath': './test/3.ir0', 'inputs': '', 'logpath': 'irsim.log'}
[ERROR] 2023-12-18 01:02:09,533 (irsim.py 581): Syntax error at line 3:
*t3 := 600
[INFO] 2023-12-18 01:02:09,533 (irsim.py 567): File loaded successfully
[DEBUG] 2023-12-18 01:02:23,584 (irsim.py 620): Parsed arguments: {'irpath': './test/3.ir0', 'inputs': '', 'logpath': 'irsim.log'}
[ERROR] 2023-12-18 01:02:23,585 (irsim.py 581): Syntax error at line 2:
v3 := 0
[INFO] 2023-12-18 01:02:23,585 (irsim.py 567): File loaded successfully
[DEBUG] 2023-12-18 01:03:35,336 (irsim.py 620): Parsed arguments: {'irpath': './test/3.ir0', 'inputs': '', 'logpath': 'irsim.log'}
[ERROR] 2023-12-18 01:03:35,337 (irsim.py 581): Syntax error at line 4:
*t3 := 666
[INFO] 2023-12-18 01:03:35,337 (irsim.py 567): File loaded successfully
[DEBUG] 2023-12-18 01:04:01,758 (irsim.py 620): Parsed arguments: {'irpath': './test/3.ir0', 'inputs': '', 'logpath': 'irsim.log'}
[INFO] 2023-12-18 01:04:01,759 (irsim.py 567): File loaded successfully
[INFO] 2023-12-18 01:04:02,276 (irsim.py 567): Program has exited gracefully
[INFO] 2023-12-18 01:04:02,276 (irsim.py 567): Total instructions = 6
[INFO] 2023-12-18 01:04:32,006 (irsim.py 567): KeyboardInterrupt raised, quit program
[DEBUG] 2023-12-18 01:04:32,919 (irsim.py 620): Parsed arguments: {'irpath': './test/3.ir0', 'inputs': '', 'logpath': 'irsim.log'}
[INFO] 2023-12-18 01:04:32,920 (irsim.py 567): File loaded successfully
[INFO] 2023-12-18 01:04:33,739 (irsim.py 567): Program has exited gracefully
[INFO] 2023-12-18 01:04:33,739 (irsim.py 567): Total instructions = 8
[INFO] 2023-12-18 01:04:57,330 (irsim.py 567): KeyboardInterrupt raised, quit program
[DEBUG] 2023-12-18 01:04:59,567 (irsim.py 620): Parsed arguments: {'irpath': './test/3.ir0', 'inputs': '', 'logpath': 'irsim.log'}
[INFO] 2023-12-18 01:04:59,568 (irsim.py 567): File loaded successfully
[ERROR] 2023-12-18 01:05:01,496 (irsim.py 581): An error occurred at line 8: Illegal memory access
[INFO] 2023-12-18 01:05:31,691 (irsim.py 567): KeyboardInterrupt raised, quit program
[DEBUG] 2023-12-18 01:05:32,519 (irsim.py 620): Parsed arguments: {'irpath': './test/3.ir0', 'inputs': '', 'logpath': 'irsim.log'}
[INFO] 2023-12-18 01:05:32,520 (irsim.py 567): File loaded successfully
[INFO] 2023-12-18 01:05:47,906 (irsim.py 567): Program has exited gracefully
[INFO] 2023-12-18 01:05:47,906 (irsim.py 567): Total instructions = 9
[DEBUG] 2023-12-18 03:30:21,190 (irsim.py 620): Parsed arguments: {'irpath': './test/2.ir0', 'inputs': '', 'logpath': 'irsim.log'}
[DEBUG] 2023-12-18 03:30:26,321 (irsim.py 620): Parsed arguments: {'irpath': './test-ex/2.ir0', 'inputs': '', 'logpath': 'irsim.log'}
[DEBUG] 2023-12-18 03:30:39,017 (irsim.py 620): Parsed arguments: {'irpath': './test-ex/test_12111624_2.ir0', 'inputs': '', 'logpath': 'irsim.log'}
[ERROR] 2023-12-18 03:30:39,018 (irsim.py 581): Line 1 does not belong to any function:
Error type B at Line 1: Missing semicolon ';'
[ERROR] 2023-12-18 03:30:39,018 (irsim.py 581): Cannot find program entrance. Please make sure the 'main' function does exist
[DEBUG] 2023-12-18 03:31:06,629 (irsim.py 620): Parsed arguments: {'irpath': './test-ex/test_12111624_2.ir0', 'inputs': '', 'logpath': 'irsim.log'}
[ERROR] 2023-12-18 03:31:06,630 (irsim.py 581): Line 1 does not belong to any function:
Error type B at Line 1: Missing semicolon ';'
[ERROR] 2023-12-18 03:31:06,630 (irsim.py 581): Cannot find program entrance. Please make sure the 'main' function does exist
[DEBUG] 2023-12-18 03:31:10,258 (irsim.py 620): Parsed arguments: {'irpath': './test-ex/2.ir0', 'inputs': '', 'logpath': 'irsim.log'}
[DEBUG] 2023-12-18 03:31:19,643 (irsim.py 620): Parsed arguments: {'irpath': './test-ex/test_12111624_2.ir0', 'inputs': '', 'logpath': 'irsim.log'}
[INFO] 2023-12-18 03:31:19,645 (irsim.py 567): File loaded successfully
[INFO] 2023-12-18 03:31:26,772 (irsim.py 567): KeyboardInterrupt raised, quit program
[DEBUG] 2023-12-18 03:31:34,324 (irsim.py 620): Parsed arguments: {'irpath': './test-ex/test_12111624_2.ir0', 'inputs': '', 'logpath': 'irsim.log'}
[INFO] 2023-12-18 03:31:34,325 (irsim.py 567): File loaded successfully
[DEBUG] 2023-12-18 03:34:57,049 (irsim.py 620): Parsed arguments: {'irpath': './test-ex/test_12111624_2.ir0', 'inputs': '', 'logpath': 'irsim.log'}
[INFO] 2023-12-18 03:34:57,050 (irsim.py 567): File loaded successfully
[INFO] 2023-12-18 03:34:59,371 (irsim.py 567): Program has exited gracefully
[INFO] 2023-12-18 03:34:59,372 (irsim.py 567): Total instructions = 1049
[INFO] 2023-12-18 03:35:16,970 (irsim.py 567): KeyboardInterrupt raised, quit program
[DEBUG] 2023-12-18 03:35:30,544 (irsim.py 620): Parsed arguments: {'irpath': './test-ex/test_12111624_2.ir0', 'inputs': '20', 'logpath': 'irsim.log'}
[ERROR] 2023-12-18 03:35:30,545 (irsim.py 581): Line 1 does not belong to any function:
Error type 9 at Line 13: parameters missmatch for function: 'read'
[ERROR] 2023-12-18 03:35:30,545 (irsim.py 581): Cannot find program entrance. Please make sure the 'main' function does exist
[DEBUG] 2023-12-18 03:35:52,628 (irsim.py 620): Parsed arguments: {'irpath': './test-ex/test_12111624_2.ir0', 'inputs': '20', 'logpath': 'irsim.log'}
[ERROR] 2023-12-18 03:35:52,629 (irsim.py 581): Line 1 does not belong to any function:
Error type 9 at Line 13: parameters missmatch for function: 'read'
[ERROR] 2023-12-18 03:35:52,629 (irsim.py 581): Cannot find program entrance. Please make sure the 'main' function does exist
[DEBUG] 2023-12-18 03:35:57,646 (irsim.py 620): Parsed arguments: {'irpath': './test-ex/test_12111624_2.ir0', 'inputs': '20', 'logpath': 'irsim.log'}
[INFO] 2023-12-18 03:35:57,648 (irsim.py 567): File loaded successfully
[INFO] 2023-12-18 03:36:25,184 (irsim.py 567): KeyboardInterrupt raised, quit program
[DEBUG] 2023-12-18 03:36:32,192 (irsim.py 620): Parsed arguments: {'irpath': './test-ex/test_12111624_2.ir0', 'inputs': '10', 'logpath': 'irsim.log'}
[INFO] 2023-12-18 03:36:32,193 (irsim.py 567): File loaded successfully
[INFO] 2023-12-18 03:36:33,642 (irsim.py 567): Program has exited gracefully
[INFO] 2023-12-18 03:36:33,642 (irsim.py 567): Total instructions = 1051
[INFO] 2023-12-18 03:36:35,385 (irsim.py 567): KeyboardInterrupt raised, quit program
[DEBUG] 2023-12-18 03:36:40,117 (irsim.py 620): Parsed arguments: {'irpath': './test-ex/test_12111624_2.ir0', 'inputs': '12', 'logpath': 'irsim.log'}
[INFO] 2023-12-18 03:36:40,118 (irsim.py 567): File loaded successfully
[INFO] 2023-12-18 03:36:41,727 (irsim.py 567): Program has exited gracefully
[INFO] 2023-12-18 03:36:41,728 (irsim.py 567): Total instructions = 2763
[WARNING] 2023-12-18 03:36:41,729 (irsim.py 574): Program Counter goes out of bound. The running program will be terminated instantly
[INFO] 2023-12-18 03:36:43,008 (irsim.py 567): KeyboardInterrupt raised, quit program
[DEBUG] 2023-12-18 03:37:21,092 (irsim.py 620): Parsed arguments: {'irpath': './test-ex/test_12111624_2.ir0', 'inputs': '12', 'logpath': 'irsim.log'}
[INFO] 2023-12-18 03:37:21,094 (irsim.py 567): File loaded successfully
[INFO] 2023-12-18 03:37:21,955 (irsim.py 567): KeyboardInterrupt raised, quit program
[DEBUG] 2023-12-18 03:37:25,929 (irsim.py 620): Parsed arguments: {'irpath': './test-ex/test_12111624_2.ir0', 'inputs': '12', 'logpath': 'irsim.log'}
[ERROR] 2023-12-18 03:37:25,930 (irsim.py 581): Line 1 does not belong to any function:
Error type B at Line 7: Missing semicolon ';'
[ERROR] 2023-12-18 03:37:25,930 (irsim.py 581): Cannot find program entrance. Please make sure the 'main' function does exist
[DEBUG] 2023-12-18 03:38:00,405 (irsim.py 620): Parsed arguments: {'irpath': './test-ex/test_12111624_2.ir0', 'inputs': '12', 'logpath': 'irsim.log'}
[INFO] 2023-12-18 03:38:00,406 (irsim.py 567): File loaded successfully
[INFO] 2023-12-18 03:38:21,489 (irsim.py 567): Program has exited gracefully
[INFO] 2023-12-18 03:38:21,490 (irsim.py 567): Total instructions = 3049
[WARNING] 2023-12-18 03:38:33,624 (irsim.py 574): Program Counter goes out of bound. The running program will be terminated instantly
[ERROR] 2023-12-18 03:38:34,467 (irsim.py 581): An error occurred at line 25: Illegal memory access
[ERROR] 2023-12-18 03:38:34,759 (irsim.py 581): An error occurred at line 25: Illegal memory access
[ERROR] 2023-12-18 03:38:35,175 (irsim.py 581): An error occurred at line 25: Illegal memory access
[WARNING] 2023-12-18 03:38:35,612 (irsim.py 574): Program Counter goes out of bound. The running program will be terminated instantly
[ERROR] 2023-12-18 03:38:36,887 (irsim.py 581): An error occurred at line 25: Illegal memory access
[ERROR] 2023-12-18 03:38:37,832 (irsim.py 581): An error occurred at line 25: Illegal memory access
[ERROR] 2023-12-18 03:38:38,101 (irsim.py 581): An error occurred at line 25: Illegal memory access
[ERROR] 2023-12-18 03:38:39,425 (irsim.py 581): An error occurred at line 25: Illegal memory access
[ERROR] 2023-12-18 03:38:39,486 (irsim.py 581): An error occurred at line 25: Illegal memory access
[ERROR] 2023-12-18 03:38:39,548 (irsim.py 581): An error occurred at line 25: Illegal memory access
[ERROR] 2023-12-18 03:38:39,626 (irsim.py 581): An error occurred at line 25: Illegal memory access
[INFO] 2023-12-18 03:41:58,605 (irsim.py 567): KeyboardInterrupt raised, quit program
[DEBUG] 2023-12-18 03:42:16,698 (irsim.py 620): Parsed arguments: {'irpath': './test-ex/test_12111624_2.ir0', 'inputs': '10', 'logpath': 'irsim.log'}
[INFO] 2023-12-18 03:42:16,699 (irsim.py 567): File loaded successfully
[INFO] 2023-12-18 03:42:18,497 (irsim.py 567): Program has exited gracefully
[INFO] 2023-12-18 03:42:18,497 (irsim.py 567): Total instructions = 1159
[INFO] 2023-12-18 03:42:24,115 (irsim.py 567): KeyboardInterrupt raised, quit program
[DEBUG] 2023-12-18 03:42:27,556 (irsim.py 620): Parsed arguments: {'irpath': './test-ex/test_12111624_1.ir0', 'inputs': '10', 'logpath': 'irsim.log'}
[INFO] 2023-12-18 03:42:27,559 (irsim.py 567): File loaded successfully
[INFO] 2023-12-18 03:42:36,686 (irsim.py 567): Program has exited gracefully
[INFO] 2023-12-18 03:42:36,687 (irsim.py 567): Total instructions = 2808
